            --------------------------------------------------------
                             AMBER SQM VERSION 12
 
                                     By
              Ross C. Walker, Michael F. Crowley, Scott Brozell,
                Tim Giese, Andreas W. Goetz and David A. Case
 
            --------------------------------------------------------
 

--------------------------------------------------------------------------------
  QM CALCULATION INFO
--------------------------------------------------------------------------------

| QMMM: Citation for AMBER QMMM Run:
| QMMM: R.C. Walker, M.F. Crowley and D.A. Case, J. COMP. CHEM. 29:1019, 2008

QMMM: SINGLET STATE CALCULATION
QMMM: RHF CALCULATION, NO. OF DOUBLY OCCUPIED LEVELS =  6

| QMMM: *** Selected Hamiltonian *** 
| QMMM: AM1         

| QMMM: *** Parameter sets in use ***
| QMMM: C : M.J.S.DEWAR et al. JACS, 107, 3902, (1985)
| QMMM: H : M.J.S.DEWAR et al. JACS, 107, 3902, (1985)

| QMMM: *** SCF convergence criteria ***
| QMMM: Energy change                :  0.1D-09 kcal/mol
| QMMM: Error matrix |FP-PF|         :  0.1D+00 au
| QMMM: Density matrix change        :  0.1D-09
| QMMM: Maximum number of SCF cycles :     1000

| QMMM: *** Diagonalization Routine Information ***
| QMMM: Pseudo diagonalizations are allowed.
| QMMM: Auto diagonalization routine selection is disabled.
| QMMM: Using internal diagonalization routine (diag_routine=1).

  QMMM: QM Region Cartesian Coordinates (*=link atom) 
  QMMM: QM_NO.   MM_NO.  ATOM         X         Y         Z
  QMMM:     1        1      C       -0.6670    0.0000    0.0000
  QMMM:     2        2      C        0.6670    0.0000    0.0000
  QMMM:     3        3      H       -1.2210   -0.9290    0.0710
  QMMM:     4        4      H       -1.2210    0.9290   -0.0710
  QMMM:     5        5      H        1.2210    0.9290   -0.0710
  QMMM:     6        6      H        1.2210   -0.9290    0.0710

--------------------------------------------------------------------------------
  RESULTS
--------------------------------------------------------------------------------

  ... geometry converged !

 Heat of formation   =         16.43667891 kcal/mol  (        0.71274788 eV)

 Total SCF energy    =      -7157.26938415 kcal/mol  (     -310.36249010 eV)
 Electronic energy   =     -17008.20449493 kcal/mol  (     -737.53109123 eV)
 Core-core repulsion =       9850.93511079 kcal/mol  (      427.16860114 eV)
 
    Atomic Charges for Step       1 :
  Atom    Element       Mulliken Charge
     1      C                 -0.218
     2      C                 -0.218
     3      H                  0.109
     4      H                  0.109
     5      H                  0.109
     6      H                  0.109
 Total Mulliken Charge =      -0.000
 
                  X        Y        Z     TOTAL  
  QM DIPOLE    -0.000    0.000   -0.000    0.000
 
 Final Structure

  QMMM: QM Region Cartesian Coordinates (*=link atom) 
  QMMM: QM_NO.   MM_NO.  ATOM         X         Y         Z
  QMMM:     1        1      C       -0.6630   -0.0000    0.0000
  QMMM:     2        2      C        0.6630   -0.0000    0.0000
  QMMM:     3        3      H       -1.2566   -0.9214    0.0704
  QMMM:     4        4      H       -1.2566    0.9214   -0.0704
  QMMM:     5        5      H        1.2566    0.9214   -0.0704
  QMMM:     6        6      H        1.2566   -0.9214    0.0704

           --------- Calculation Completed ----------

