            --------------------------------------------------------
                             AMBER SQM VERSION 12
 
                                     By
              Ross C. Walker, Michael F. Crowley, Scott Brozell,
                Tim Giese, Andreas W. Goetz and David A. Case
 
            --------------------------------------------------------
 

--------------------------------------------------------------------------------
  QM CALCULATION INFO
--------------------------------------------------------------------------------

| QMMM: Citation for AMBER QMMM Run:
| QMMM: R.C. Walker, M.F. Crowley and D.A. Case, J. COMP. CHEM. 29:1019, 2008

QMMM: SINGLET STATE CALCULATION
QMMM: RHF CALCULATION, NO. OF DOUBLY OCCUPIED LEVELS = 55

| QMMM: *** Selected Hamiltonian *** 
| QMMM: AM1         

| QMMM: *** Parameter sets in use ***
| QMMM: Cl: M.J.S.DEWAR et al. THEOCHEM, 180, 1, (1988)
| QMMM: F : M.J.S.DEWAR et al. THEOCHEM, 180, 1, (1988)
| QMMM: O : M.J.S.DEWAR et al. JACS, 107, 3902, (1985)
| QMMM: N : M.J.S.DEWAR et al. JACS, 107, 3902, (1985)
| QMMM: C : M.J.S.DEWAR et al. JACS, 107, 3902, (1985)
| QMMM: H : M.J.S.DEWAR et al. JACS, 107, 3902, (1985)

| QMMM: *** SCF convergence criteria ***
| QMMM: Energy change                :  0.1D-09 kcal/mol
| QMMM: Error matrix |FP-PF|         :  0.1D+00 au
| QMMM: Density matrix change        :  0.1D-09
| QMMM: Maximum number of SCF cycles :     1000

| QMMM: *** Diagonalization Routine Information ***
| QMMM: Pseudo diagonalizations are allowed.
| QMMM: Auto diagonalization routine selection is disabled.
| QMMM: Using internal diagonalization routine (diag_routine=1).

  QMMM: QM Region Cartesian Coordinates (*=link atom) 
  QMMM: QM_NO.   MM_NO.  ATOM         X         Y         Z
  QMMM:     1        1      Cl      -1.8520   -4.1700   -0.4700
  QMMM:     2        2      F        0.6250   -0.2560   -2.3270
  QMMM:     3        3      F       -0.8430    1.3560   -2.2090
  QMMM:     4        4      F        1.2810    1.7930   -1.9570
  QMMM:     5        5      O       -0.0150    1.9860    0.3760
  QMMM:     6        6      O       -1.3190    3.6190    1.2220
  QMMM:     7        7      N       -2.2210    1.5290    1.0160
  QMMM:     8        8      C        3.7500   -0.7470    1.2910
  QMMM:     9        9      C        5.0240   -0.3270    0.6270
  QMMM:    10       10      C        4.5280   -1.7350    0.4800
  QMMM:    11       11      C        0.1840    0.6660   -0.2070
  QMMM:    12       12      C        2.5030   -0.2520    0.7670
  QMMM:    13       13      C       -0.9490   -0.2940    0.0770
  QMMM:    14       14      C        1.4630    0.1600    0.3300
  QMMM:    15       15      C       -2.1190    0.1810    0.6660
  QMMM:    16       16      C        0.3160    0.8970   -1.7190
  QMMM:    17       17      C       -0.8810   -1.6530   -0.2760
  QMMM:    18       18      C       -3.2030   -0.6710    0.9060
  QMMM:    19       19      C       -1.1970    2.4430    0.8810
  QMMM:    20       20      C       -1.9570   -2.5090   -0.0320
  QMMM:    21       21      C       -3.1180   -2.0170    0.5590
  QMMM:    22       22      H        3.7840   -0.8710    2.3690
  QMMM:    23       23      H        5.8910   -0.1620    1.2550
  QMMM:    24       24      H        4.9800    0.3150   -0.2450
  QMMM:    25       25      H        4.1510   -2.0360   -0.4910
  QMMM:    26       26      H        5.0620   -2.5150    1.0100
  QMMM:    27       27      H        0.0180   -2.0480   -0.7440
  QMMM:    28       28      H       -3.0980    1.8500    1.4170
  QMMM:    29       29      H       -4.1140   -0.2950    1.3650
  QMMM:    30       30      H       -3.9650   -2.6700    0.7530

--------------------------------------------------------------------------------
  RESULTS
--------------------------------------------------------------------------------

      iter         sqm energy              rms gradient
      ----    -------------------    -----------------------
xmin    10     -120.3719 kcal/mol        0.2083 kcal/(mol*A)
xmin    20     -120.4096 kcal/mol        0.0376 kcal/(mol*A)
xmin    30     -120.4406 kcal/mol        0.1694 kcal/(mol*A)
xmin    40     -120.4744 kcal/mol        0.0930 kcal/(mol*A)
xmin    50     -120.4853 kcal/mol        0.0241 kcal/(mol*A)
xmin    60     -120.5001 kcal/mol        0.0584 kcal/(mol*A)
xmin    70     -120.5031 kcal/mol        0.0180 kcal/(mol*A)
xmin    80     -120.5036 kcal/mol        0.0062 kcal/(mol*A)
xmin    90     -120.5038 kcal/mol        0.0010 kcal/(mol*A)
xmin   100     -120.5038 kcal/mol        0.0006 kcal/(mol*A)
  ... geometry converged !

 Heat of formation   =       -120.50380878 kcal/mol  (       -5.22543727 eV)

 Total SCF energy    =    -105867.28363602 kcal/mol  (    -4590.74990833 eV)
 Electronic energy   =    -613790.98453854 kcal/mol  (   -26615.97435231 eV)
 Core-core repulsion =     507923.70090252 kcal/mol  (    22025.22444398 eV)
 
    Atomic Charges for Step       1 :
  Atom    Element       Mulliken Charge
     1      Cl                 0.004
     2      F                 -0.160
     3      F                 -0.156
     4      F                 -0.143
     5      O                 -0.217
     6      O                 -0.307
     7      N                 -0.328
     8      C                 -0.095
     9      C                 -0.186
    10      C                 -0.187
    11      C                  0.262
    12      C                 -0.013
    13      C                 -0.168
    14      C                 -0.231
    15      C                  0.115
    16      C                  0.413
    17      C                 -0.053
    18      C                 -0.172
    19      C                  0.411
    20      C                 -0.096
    21      C                 -0.068
    22      H                  0.143
    23      H                  0.117
    24      H                  0.126
    25      H                  0.125
    26      H                  0.117
    27      H                  0.170
    28      H                  0.270
    29      H                  0.149
    30      H                  0.156
 Total Mulliken Charge =      -0.000
 
                  X        Y        Z     TOTAL  
  QM DIPOLE    -0.969   -3.584    3.200    4.901
 
 Final Structure

  QMMM: QM Region Cartesian Coordinates (*=link atom) 
  QMMM: QM_NO.   MM_NO.  ATOM         X         Y         Z
  QMMM:     1        1      Cl      -2.3067   -4.1035   -0.3498
  QMMM:     2        2      F        0.4777   -0.6707   -2.6644
  QMMM:     3        3      F       -0.9068    1.0055   -2.6237
  QMMM:     4        4      F        1.2321    1.3597   -2.5087
  QMMM:     5        5      O        0.1380    1.8474   -0.0872
  QMMM:     6        6      O       -0.6766    3.5479    1.0147
  QMMM:     7        7      N       -1.9214    1.5808    1.1371
  QMMM:     8        8      C        3.6069   -1.1113    1.0250
  QMMM:     9        9      C        4.7137   -0.2017    1.5139
  QMMM:    10       10      C        4.9034   -0.9852    0.2539
  QMMM:    11       11      C        0.1693    0.4531   -0.4506
  QMMM:    12       12      C        2.4157   -0.5560    0.5031
  QMMM:    13       13      C       -1.0197   -0.3542   -0.0145
  QMMM:    14       14      C        1.3970   -0.1095    0.0600
  QMMM:    15       15      C       -2.0324    0.2407    0.7735
  QMMM:    16       16      C        0.2441    0.5322   -2.0538
  QMMM:    17       17      C       -1.1096   -1.7071   -0.3516
  QMMM:    18       18      C       -3.1373   -0.5363    1.1895
  QMMM:    19       19      C       -0.8493    2.3595    0.7253
  QMMM:    20       20      C       -2.2041   -2.4623    0.0692
  QMMM:    21       21      C       -3.2182   -1.8755    0.8362
  QMMM:    22       22      H        3.4251   -2.0558    1.5848
  QMMM:    23       23      H        5.2617   -0.4979    2.4261
  QMMM:    24       24      H        4.5734    0.8925    1.4506
  QMMM:    25       25      H        4.9000   -0.4541   -0.7149
  QMMM:    26       26      H        5.5894   -1.8510    0.2501
  QMMM:    27       27      H       -0.3108   -2.1685   -0.9582
  QMMM:    28       28      H       -2.6258    2.0075    1.6956
  QMMM:    29       29      H       -3.9371   -0.0839    1.7958
  QMMM:    30       30      H       -4.0829   -2.4753    1.1632

           --------- Calculation Completed ----------

