            --------------------------------------------------------
                             AMBER SQM VERSION 12
 
                                     By
              Ross C. Walker, Michael F. Crowley, Scott Brozell,
                Tim Giese, Andreas W. Goetz and David A. Case
 
            --------------------------------------------------------
 

--------------------------------------------------------------------------------
  QM CALCULATION INFO
--------------------------------------------------------------------------------

| QMMM: Citation for AMBER QMMM Run:
| QMMM: R.C. Walker, M.F. Crowley and D.A. Case, J. COMP. CHEM. 29:1019, 2008

QMMM: SINGLET STATE CALCULATION
QMMM: RHF CALCULATION, NO. OF DOUBLY OCCUPIED LEVELS = 94

| QMMM: *** Selected Hamiltonian *** 
| QMMM: AM1         

| QMMM: *** Parameter sets in use ***
| QMMM: O : M.J.S.DEWAR et al. JACS, 107, 3902, (1985)
| QMMM: N : M.J.S.DEWAR et al. JACS, 107, 3902, (1985)
| QMMM: C : M.J.S.DEWAR et al. JACS, 107, 3902, (1985)
| QMMM: H : M.J.S.DEWAR et al. JACS, 107, 3902, (1985)

| QMMM: *** SCF convergence criteria ***
| QMMM: Energy change                :  0.1D-09 kcal/mol
| QMMM: Error matrix |FP-PF|         :  0.1D+00 au
| QMMM: Density matrix change        :  0.1D-09
| QMMM: Maximum number of SCF cycles :     1000

| QMMM: *** Diagonalization Routine Information ***
| QMMM: Pseudo diagonalizations are allowed.
| QMMM: Auto diagonalization routine selection is disabled.
| QMMM: Using internal diagonalization routine (diag_routine=1).

  QMMM: QM Region Cartesian Coordinates (*=link atom) 
  QMMM: QM_NO.   MM_NO.  ATOM         X         Y         Z
  QMMM:     1        1      O       -0.8280    0.2490   -1.0420
  QMMM:     2        2      N        6.4580    0.2660   -0.6550
  QMMM:     3        3      N        8.5150   -0.1620    1.3310
  QMMM:     4        4      N       -0.1070   -1.8330   -0.2330
  QMMM:     5        5      N       -4.9450   -1.8880   -0.2700
  QMMM:     6        6      N       -4.3750    0.3580    0.1040
  QMMM:     7        7      N       -6.6080   -0.2580   -0.5600
  QMMM:     8        8      N       -2.8520    4.8340    0.2990
  QMMM:     9        9      C        6.1550    0.3240    0.7800
  QMMM:    10       10      C        7.8490    0.6630   -0.9020
  QMMM:    11       11      C        7.1230   -0.5580    1.5770
  QMMM:    12       12      C        8.8180   -0.2170   -0.1050
  QMMM:    13       13      C        5.5350    1.1080   -1.4150
  QMMM:    14       14      C        9.4360   -1.0050    2.0890
  QMMM:    15       15      C        4.1040    0.6760   -1.2350
  QMMM:    16       16      C        3.7830   -0.6720   -1.3050
  QMMM:    17       17      C        3.1260    1.6330   -1.0020
  QMMM:    18       18      C        2.4570   -1.0710   -1.1390
  QMMM:    19       19      C        1.8000    1.2340   -0.8360
  QMMM:    20       20      C        1.4650   -0.1180   -0.9050
  QMMM:    21       21      C        0.0830   -0.5350   -0.7300
  QMMM:    22       22      C       -1.3240   -2.5130    0.0150
  QMMM:    23       23      C       -3.7210   -2.5410   -0.0030
  QMMM:    24       24      C       -2.5230   -1.8710   -0.2460
  QMMM:    25       25      C       -3.7030   -3.8430    0.4980
  QMMM:    26       26      C       -1.2880   -3.8040    0.5120
  QMMM:    27       27      C       -2.4870   -4.4740    0.7560
  QMMM:    28       28      C       -4.9720   -4.5840    0.7690
  QMMM:    29       29      C       -5.3270   -0.5340   -0.2410
  QMMM:    30       30      C       -4.7750    1.6460    0.1230
  QMMM:    31       31      C       -3.7560    2.5990    0.4910
  QMMM:    32       32      C       -6.0570    2.0550   -0.1840
  QMMM:    33       33      C       -6.9400    1.0500   -0.5210
  QMMM:    34       34      C       -2.7240    2.2490    1.3560
  QMMM:    35       35      C       -3.7740    3.8930   -0.0050
  QMMM:    36       36      C       -1.7570    3.1890    1.6920
  QMMM:    37       37      C       -1.8650    4.4560    1.1420
  QMMM:    38       38      H        6.2160    1.3570    1.1490
  QMMM:    39       39      H        5.1470   -0.0370    1.0060
  QMMM:    40       40      H        8.0830    0.5540   -1.9680
  QMMM:    41       41      H        8.0090    1.7180   -0.6390
  QMMM:    42       42      H        6.8910   -0.4480    2.6430
  QMMM:    43       43      H        6.9630   -1.6120    1.3140
  QMMM:    44       44      H        8.7670   -1.2500   -0.4760
  QMMM:    45       45      H        9.8380    0.1430   -0.2830
  QMMM:    46       46      H        5.6550    2.1620   -1.1290
  QMMM:    47       47      H        5.7620    1.0410   -2.4870
  QMMM:    48       48      H       10.4710   -0.6770    1.9370
  QMMM:    49       49      H        9.3640   -2.0610    1.8020
  QMMM:    50       50      H        9.2360   -0.9250    3.1630
  QMMM:    51       51      H        4.5360   -1.4280   -1.5090
  QMMM:    52       52      H        3.3740    2.6890   -0.9460
  QMMM:    53       53      H        2.2390   -2.1300   -1.2430
  QMMM:    54       54      H        1.0440    1.9920   -0.6480
  QMMM:    55       55      H        0.7150   -2.3710    0.0290
  QMMM:    56       56      H       -2.5690   -0.8970   -0.6990
  QMMM:    57       57      H       -0.3460   -4.3050    0.7160
  QMMM:    58       58      H       -2.4540   -5.4880    1.1450
  QMMM:    59       59      H       -5.7330   -2.5040   -0.4360
  QMMM:    60       60      H       -5.6190   -4.0110    1.4420
  QMMM:    61       61      H       -4.7840   -5.5490    1.2520
  QMMM:    62       62      H       -5.5050   -4.7850   -0.1660
  QMMM:    63       63      H       -6.3940    3.0830   -0.1520
  QMMM:    64       64      H       -7.9710    1.2730   -0.7720
  QMMM:    65       65      H       -2.6520    1.2550    1.7890
  QMMM:    66       66      H       -4.5280    4.2450   -0.7030
  QMMM:    67       67      H       -0.9440    2.9390    2.3650
  QMMM:    68       68      H       -1.1360    5.2260    1.3730

--------------------------------------------------------------------------------
  RESULTS
--------------------------------------------------------------------------------

      iter         sqm energy              rms gradient
      ----    -------------------    -----------------------
xmin    10      126.1885 kcal/mol        0.1307 kcal/(mol*A)
xmin    20      125.8287 kcal/mol        0.1878 kcal/(mol*A)
xmin    30      125.7749 kcal/mol        0.0788 kcal/(mol*A)
xmin    40      125.7625 kcal/mol        0.0163 kcal/(mol*A)
xmin    50      125.7599 kcal/mol        0.0005 kcal/(mol*A)
  ... geometry converged !

 Heat of formation   =        125.75985506 kcal/mol  (        5.45335654 eV)

 Total SCF energy    =    -136204.47773696 kcal/mol  (    -5906.26936113 eV)
 Electronic energy   =   -1209734.98567535 kcal/mol  (   -52458.04543061 eV)
 Core-core repulsion =    1073530.50793839 kcal/mol  (    46551.77606948 eV)
 
    Atomic Charges for Step       1 :
  Atom    Element       Mulliken Charge
     1      O                 -0.335
     2      N                 -0.255
     3      N                 -0.258
     4      N                 -0.325
     5      N                 -0.234
     6      N                 -0.204
     7      N                 -0.219
     8      N                 -0.143
     9      C                 -0.073
    10      C                 -0.069
    11      C                 -0.068
    12      C                 -0.068
    13      C                 -0.035
    14      C                 -0.119
    15      C                 -0.055
    16      C                 -0.116
    17      C                 -0.136
    18      C                 -0.112
    19      C                 -0.079
    20      C                 -0.127
    21      C                  0.353
    22      C                  0.084
    23      C                  0.076
    24      C                 -0.129
    25      C                 -0.128
    26      C                 -0.190
    27      C                 -0.093
    28      C                 -0.178
    29      C                  0.158
    30      C                  0.100
    31      C                 -0.098
    32      C                 -0.281
    33      C                 -0.001
    34      C                 -0.050
    35      C                 -0.049
    36      C                 -0.191
    37      C                 -0.062
    38      H                  0.065
    39      H                  0.096
    40      H                  0.090
    41      H                  0.065
    42      H                  0.091
    43      H                  0.061
    44      H                  0.062
    45      H                  0.091
    46      H                  0.065
    47      H                  0.102
    48      H                  0.085
    49      H                  0.046
    50      H                  0.085
    51      H                  0.152
    52      H                  0.139
    53      H                  0.135
    54      H                  0.156
    55      H                  0.232
    56      H                  0.190
    57      H                  0.130
    58      H                  0.133
    59      H                  0.240
    60      H                  0.085
    61      H                  0.085
    62      H                  0.081
    63      H                  0.157
    64      H                  0.165
    65      H                  0.158
    66      H                  0.164
    67      H                  0.145
    68      H                  0.160
 Total Mulliken Charge =      -0.000
 
                  X        Y        Z     TOTAL  
  QM DIPOLE     3.140   -2.272    3.258    5.063
 
 Final Structure

  QMMM: QM Region Cartesian Coordinates (*=link atom) 
  QMMM: QM_NO.   MM_NO.  ATOM         X         Y         Z
  QMMM:     1        1      O       -0.5925   -0.3513   -2.0985
  QMMM:     2        2      N        6.6914    0.0815   -0.6957
  QMMM:     3        3      N        8.7522    0.1254    1.3668
  QMMM:     4        4      N       -0.1025   -1.8622   -0.4117
  QMMM:     5        5      N       -4.9925   -1.7851   -0.8585
  QMMM:     6        6      N       -4.5172    0.3631    0.1258
  QMMM:     7        7      N       -6.7116   -0.1431   -0.8738
  QMMM:     8        8      N       -3.2331    4.8565    1.2204
  QMMM:     9        9      C        6.3889    0.5137    0.6618
  QMMM:    10       10      C        8.0923    0.2924   -1.0375
  QMMM:    11       11      C        7.3516   -0.0797    1.7071
  QMMM:    12       12      C        9.0565   -0.2992    0.0082
  QMMM:    13       13      C        5.8017    0.6781   -1.6851
  QMMM:    14       14      C        9.6484   -0.4548    2.3406
  QMMM:    15       15      C        4.3686    0.2507   -1.5514
  QMMM:    16       16      C        4.0333   -1.1039   -1.4486
  QMMM:    17       17      C        3.3527    1.2121   -1.5894
  QMMM:    18       18      C        2.6976   -1.4940   -1.3731
  QMMM:    19       19      C        2.0161    0.8250   -1.5237
  QMMM:    20       20      C        1.6860   -0.5296   -1.4053
  QMMM:    21       21      C        0.2393   -0.8992   -1.3538
  QMMM:    22       22      C       -1.3760   -2.4048   -0.1722
  QMMM:    23       23      C       -3.8136   -2.3701   -0.3376
  QMMM:    24       24      C       -2.5616   -1.7938   -0.6236
  QMMM:    25       25      C       -3.8886   -3.5780    0.4001
  QMMM:    26       26      C       -1.4640   -3.6069    0.5695
  QMMM:    27       27      C       -2.7024   -4.1703    0.8372
  QMMM:    28       28      C       -5.1874   -4.2217    0.7054
  QMMM:    29       29      C       -5.4096   -0.4882   -0.5045
  QMMM:    30       30      C       -4.9451    1.6280    0.3589
  QMMM:    31       31      C       -4.0294    2.5692    1.0210
  QMMM:    32       32      C       -6.2390    2.0638   -0.0035
  QMMM:    33       33      C       -7.0786    1.1181   -0.6181
  QMMM:    34       34      C       -3.1415    2.1559    2.0240
  QMMM:    35       35      C       -4.0284    3.9341    0.6509
  QMMM:    36       36      C       -2.3129    3.1059    2.6230
  QMMM:    37       37      C       -2.3952    4.4412    2.1913
  QMMM:    38       38      H        6.4059    1.6392    0.7541
  QMMM:    39       39      H        5.3480    0.1614    0.9065
  QMMM:    40       40      H        8.2908   -0.2249   -2.0175
  QMMM:    41       41      H        8.3293    1.3886   -1.1690
  QMMM:    42       42      H        7.1573    0.4393    2.6870
  QMMM:    43       43      H        7.1107   -1.1747    1.8415
  QMMM:    44       44      H        9.0485   -1.4243   -0.0892
  QMMM:    45       45      H       10.0939    0.0614   -0.2396
  QMMM:    46       46      H        5.8532    1.8084   -1.6587
  QMMM:    47       47      H        6.1590    0.3492   -2.7054
  QMMM:    48       48      H       10.7020   -0.1865    2.0659
  QMMM:    49       49      H        9.5712   -1.5752    2.4079
  QMMM:    50       50      H        9.4156   -0.0208    3.3480
  QMMM:    51       51      H        4.8300   -1.8636   -1.4266
  QMMM:    52       52      H        3.6052    2.2798   -1.6778
  QMMM:    53       53      H        2.4515   -2.5649   -1.3112
  QMMM:    54       54      H        1.2118    1.5765   -1.5746
  QMMM:    55       55      H        0.6412   -2.2677    0.1126
  QMMM:    56       56      H       -2.5120   -0.8580   -1.2089
  QMMM:    57       57      H       -0.5563   -4.1066    0.9396
  QMMM:    58       58      H       -2.7508   -5.1089    1.4123
  QMMM:    59       59      H       -5.7325   -2.4310   -1.0486
  QMMM:    60       60      H       -5.8774   -3.5050    1.2175
  QMMM:    61       61      H       -5.0489   -5.1053    1.3764
  QMMM:    62       62      H       -5.6817   -4.5783   -0.2339
  QMMM:    63       63      H       -6.5801    3.0843    0.1975
  QMMM:    64       64      H       -8.1097    1.3832   -0.9188
  QMMM:    65       65      H       -3.0965    1.1002    2.3328
  QMMM:    66       66      H       -4.6940    4.3023   -0.1513
  QMMM:    67       67      H       -1.6074    2.8193    3.4137
  QMMM:    68       68      H       -1.7576    5.2238    2.6404

           --------- Calculation Completed ----------

