            --------------------------------------------------------
                             AMBER SQM VERSION 12
 
                                     By
              Ross C. Walker, Michael F. Crowley, Scott Brozell,
                Tim Giese, Andreas W. Goetz and David A. Case
 
            --------------------------------------------------------
 

--------------------------------------------------------------------------------
  QM CALCULATION INFO
--------------------------------------------------------------------------------

| QMMM: Citation for AMBER QMMM Run:
| QMMM: R.C. Walker, M.F. Crowley and D.A. Case, J. COMP. CHEM. 29:1019, 2008

QMMM: SINGLET STATE CALCULATION
QMMM: RHF CALCULATION, NO. OF DOUBLY OCCUPIED LEVELS = 15

| QMMM: *** Selected Hamiltonian *** 
| QMMM: AM1         

| QMMM: *** Parameter sets in use ***
| QMMM: C : M.J.S.DEWAR et al. JACS, 107, 3902, (1985)
| QMMM: H : M.J.S.DEWAR et al. JACS, 107, 3902, (1985)

| QMMM: *** SCF convergence criteria ***
| QMMM: Energy change                :  0.1D-09 kcal/mol
| QMMM: Error matrix |FP-PF|         :  0.1D+00 au
| QMMM: Density matrix change        :  0.1D-09
| QMMM: Maximum number of SCF cycles :     1000

| QMMM: *** Diagonalization Routine Information ***
| QMMM: Pseudo diagonalizations are allowed.
| QMMM: Auto diagonalization routine selection is disabled.
| QMMM: Using internal diagonalization routine (diag_routine=1).

  QMMM: QM Region Cartesian Coordinates (*=link atom) 
  QMMM: QM_NO.   MM_NO.  ATOM         X         Y         Z
  QMMM:     1        1      C       -1.2130   -0.6880    0.0000
  QMMM:     2        2      C       -1.2030    0.7060    0.0000
  QMMM:     3        3      C       -0.0100   -1.3950    0.0000
  QMMM:     4        4      C        0.0100    1.3950   -0.0000
  QMMM:     5        5      C        1.2030   -0.7060    0.0000
  QMMM:     6        6      C        1.2130    0.6880    0.0000
  QMMM:     7        7      H       -2.1580   -1.2240    0.0000
  QMMM:     8        8      H       -2.1390    1.2560    0.0000
  QMMM:     9        9      H       -0.0180   -2.4810   -0.0000
  QMMM:    10       10      H        0.0180    2.4810    0.0000
  QMMM:    11       11      H        2.1390   -1.2560    0.0000
  QMMM:    12       12      H        2.1580    1.2240    0.0000

--------------------------------------------------------------------------------
  RESULTS
--------------------------------------------------------------------------------

  ... geometry converged !

 Heat of formation   =         21.93322328 kcal/mol  (        0.95109593 eV)

 Total SCF energy    =     -19609.69494761 kcal/mol  (     -850.34018246 eV)
 Electronic energy   =     -75026.87580936 kcal/mol  (    -3253.40947094 eV)
 Core-core repulsion =      55417.18086175 kcal/mol  (     2403.06928848 eV)
 
    Atomic Charges for Step       1 :
  Atom    Element       Mulliken Charge
     1      C                 -0.130
     2      C                 -0.130
     3      C                 -0.130
     4      C                 -0.130
     5      C                 -0.130
     6      C                 -0.130
     7      H                  0.130
     8      H                  0.130
     9      H                  0.130
    10      H                  0.130
    11      H                  0.130
    12      H                  0.130
 Total Mulliken Charge =      -0.000
 
                  X        Y        Z     TOTAL  
  QM DIPOLE     0.000    0.000    0.000    0.000
 
 Final Structure

  QMMM: QM Region Cartesian Coordinates (*=link atom) 
  QMMM: QM_NO.   MM_NO.  ATOM         X         Y         Z
  QMMM:     1        1      C       -1.2133   -0.6886    0.0000
  QMMM:     2        2      C       -1.2030    0.7064   -0.0000
  QMMM:     3        3      C       -0.0103   -1.3950    0.0000
  QMMM:     4        4      C        0.0103    1.3950   -0.0000
  QMMM:     5        5      C        1.2030   -0.7064   -0.0000
  QMMM:     6        6      C        1.2133    0.6886   -0.0000
  QMMM:     7        7      H       -2.1696   -1.2313    0.0000
  QMMM:     8        8      H       -2.1512    1.2633   -0.0000
  QMMM:     9        9      H       -0.0184   -2.4946    0.0000
  QMMM:    10       10      H        0.0184    2.4946   -0.0000
  QMMM:    11       11      H        2.1512   -1.2633    0.0000
  QMMM:    12       12      H        2.1696    1.2313    0.0000

           --------- Calculation Completed ----------

