            --------------------------------------------------------
                             AMBER SQM VERSION 12
 
                                     By
              Ross C. Walker, Michael F. Crowley, Scott Brozell,
                Tim Giese, Andreas W. Goetz and David A. Case
 
            --------------------------------------------------------
 

--------------------------------------------------------------------------------
  QM CALCULATION INFO
--------------------------------------------------------------------------------

| QMMM: Citation for AMBER QMMM Run:
| QMMM: R.C. Walker, M.F. Crowley and D.A. Case, J. COMP. CHEM. 29:1019, 2008

QMMM: SINGLET STATE CALCULATION
QMMM: RHF CALCULATION, NO. OF DOUBLY OCCUPIED LEVELS =  9

| QMMM: *** Selected Hamiltonian *** 
| QMMM: AM1         

| QMMM: *** Parameter sets in use ***
| QMMM: C : M.J.S.DEWAR et al. JACS, 107, 3902, (1985)
| QMMM: H : M.J.S.DEWAR et al. JACS, 107, 3902, (1985)

| QMMM: *** SCF convergence criteria ***
| QMMM: Energy change                :  0.1D-09 kcal/mol
| QMMM: Error matrix |FP-PF|         :  0.1D+00 au
| QMMM: Density matrix change        :  0.1D-09
| QMMM: Maximum number of SCF cycles :     1000

| QMMM: *** Diagonalization Routine Information ***
| QMMM: Pseudo diagonalizations are allowed.
| QMMM: Auto diagonalization routine selection is disabled.
| QMMM: Using internal diagonalization routine (diag_routine=1).

  QMMM: QM Region Cartesian Coordinates (*=link atom) 
  QMMM: QM_NO.   MM_NO.  ATOM         X         Y         Z
  QMMM:     1        1      C        0.3190    0.8060    0.0000
  QMMM:     2        2      C       -0.8570   -0.1270    0.0000
  QMMM:     3        3      C        0.5390   -0.6790    0.0000
  QMMM:     4        4      H        0.5330    1.3480   -0.9120
  QMMM:     5        5      H        0.5330    1.3480    0.9120
  QMMM:     6        6      H       -1.4340   -0.2130    0.9120
  QMMM:     7        7      H       -1.4340   -0.2130   -0.9120
  QMMM:     8        8      H        0.9010   -1.1360   -0.9120
  QMMM:     9        9      H        0.9010   -1.1360    0.9120

--------------------------------------------------------------------------------
  RESULTS
--------------------------------------------------------------------------------

  ... geometry converged !

 Heat of formation   =         17.72166563 kcal/mol  (        0.76846909 eV)

 Total SCF energy    =     -10742.83742895 kcal/mol  (     -465.84438788 eV)
 Electronic energy   =     -33087.82345532 kcal/mol  (    -1434.79569209 eV)
 Core-core repulsion =      22344.98602637 kcal/mol  (      968.95130421 eV)
 
    Atomic Charges for Step       1 :
  Atom    Element       Mulliken Charge
     1      C                 -0.215
     2      C                 -0.215
     3      C                 -0.215
     4      H                  0.108
     5      H                  0.108
     6      H                  0.108
     7      H                  0.108
     8      H                  0.108
     9      H                  0.108
 Total Mulliken Charge =      -0.000
 
                  X        Y        Z     TOTAL  
  QM DIPOLE     0.000   -0.000    0.000    0.000
 
 Final Structure

  QMMM: QM Region Cartesian Coordinates (*=link atom) 
  QMMM: QM_NO.   MM_NO.  ATOM         X         Y         Z
  QMMM:     1        1      C        0.3187    0.8058    0.0000
  QMMM:     2        2      C       -0.8572   -0.1273    0.0000
  QMMM:     3        3      C        0.5388   -0.6791   -0.0000
  QMMM:     4        4      H        0.5465    1.3820   -0.9139
  QMMM:     5        5      H        0.5465    1.3820    0.9139
  QMMM:     6        6      H       -1.4701   -0.2181    0.9139
  QMMM:     7        7      H       -1.4701   -0.2181   -0.9139
  QMMM:     8        8      H        0.9239   -1.1645   -0.9139
  QMMM:     9        9      H        0.9239   -1.1645    0.9139

           --------- Calculation Completed ----------

